<?xml version="1.0" encoding="UTF-8"?>
<!-- Generated by org.testng.reporters.JUnitReportReporter -->
<testsuite skipped="0" hostname="Nas" name="progressive.qa.home.HomeQuoteTest" tests="1" failures="0" timestamp="2022-02-09T23:47:07 EST" time="6.458" errors="0">
  <testcase name="homeTest" time="6.458" classname="progressive.qa.home.HomeQuoteTest"/>
  <system-out>
    <![CDATA[This is a home test<br>]]>
  </system-out>
</testsuite> <!-- progressive.qa.home.HomeQuoteTest -->
