<?xml version="1.0" encoding="UTF-8"?>
<!-- Generated by org.testng.reporters.JUnitReportReporter -->
<testsuite skipped="0" hostname="Nas" name="progressive.qa.auto.AutoQuoteWithExtentReport" tests="2" failures="0" timestamp="2022-02-14T22:34:07 EST" time="9.351" errors="0">
  <testcase name="test2" time="4.009" classname="progressive.qa.auto.AutoQuoteWithExtentReport"/>
  <system-out/>
  <testcase name="test1" time="5.342" classname="progressive.qa.auto.AutoQuoteWithExtentReport"/>
  <system-out/>
</testsuite> <!-- progressive.qa.auto.AutoQuoteWithExtentReport -->
