<?xml version="1.0" encoding="UTF-8"?>
<!-- Generated by org.testng.reporters.JUnitReportReporter -->
<testsuite skipped="1" hostname="Nas" name="progressive.qa.auto.AutoQuoteTest" tests="1" failures="0" timestamp="2022-02-09T23:47:07 EST" time="0.000" errors="0">
  <testcase name="autoQuoteTestingWithExcelDataProbider" time="0.000" classname="progressive.qa.auto.AutoQuoteTest">
    <skipped/>
  </testcase> <!-- autoQuoteTestingWithExcelDataProbider -->
  <system-out/>
</testsuite> <!-- progressive.qa.auto.AutoQuoteTest -->
