<?xml version="1.0" encoding="UTF-8"?>
<!-- Generated by org.testng.reporters.JUnitReportReporter -->
<testsuite skipped="0" hostname="Nas" name="progressive.qa.auto.AutoQuoteTest" tests="1" failures="0" timestamp="29 Jan 2022 03:41:07 GMT" time="13.570" errors="0">
  <testcase name="autoQuoteTesting" time="13.570" classname="progressive.qa.auto.AutoQuoteTest"/>
</testsuite> <!-- progressive.qa.auto.AutoQuoteTest -->
