<?xml version="1.0" encoding="UTF-8"?>
<!-- Generated by org.testng.reporters.JUnitReportReporter -->
<testsuite skipped="0" hostname="Nas" name="progressive.qa.home.HomeQuoteTest" tests="1" failures="0" timestamp="08 Feb 2022 04:04:03 GMT" time="51.616" errors="0">
  <testcase name="homeQuoteTexting" time="51.616" classname="progressive.qa.home.HomeQuoteTest"/>
</testsuite> <!-- progressive.qa.home.HomeQuoteTest -->
