<?xml version="1.0" encoding="UTF-8"?>
<!-- Generated by org.testng.reporters.JUnitReportReporter -->
<testsuite skipped="3" hostname="Nas" name="progressive.qa.auto.AutoQuoteTest" tests="4" failures="0" timestamp="27 Jan 2022 04:06:18 GMT" time="6.757" errors="0">
  <testcase name="autoQuoteTesting" time="6.757" classname="progressive.qa.auto.AutoQuoteTest"/>
  <testcase name="test2" classname="progressive.qa.auto.AutoQuoteTest">
    <skipped/>
  </testcase> <!-- test2 -->
  <testcase name="test3" classname="progressive.qa.auto.AutoQuoteTest">
    <skipped/>
  </testcase> <!-- test3 -->
  <testcase name="test1" classname="progressive.qa.auto.AutoQuoteTest">
    <skipped/>
  </testcase> <!-- test1 -->
</testsuite> <!-- progressive.qa.auto.AutoQuoteTest -->
