<?xml version="1.0" encoding="UTF-8"?>
<!-- Generated by org.testng.reporters.JUnitReportReporter -->
<testsuite skipped="0" hostname="Nas" name="progressive.qa.auto.AutoQuoteTest" tests="1" failures="0" timestamp="2022-02-14T22:34:07 EST" time="7.688" errors="0">
  <testcase name="testMethodAuto" time="7.688" classname="progressive.qa.auto.AutoQuoteTest"/>
  <system-out>
    <![CDATA[this is an auto related test 0<br>]]>
  </system-out>
</testsuite> <!-- progressive.qa.auto.AutoQuoteTest -->
