<?xml version="1.0" encoding="UTF-8"?>
<!-- Generated by org.testng.reporters.JUnitReportReporter -->
<testsuite skipped="0" hostname="Nas" name="progressive.qa.auto.AutoQuoteTest" tests="1" failures="0" timestamp="2022-02-12T00:12:31 EST" time="6.221" errors="0">
  <testcase name="testMethodAuto" time="6.221" classname="progressive.qa.auto.AutoQuoteTest"/>
  <system-out>
    <![CDATA[this is an auto related test 0<br>]]>
  </system-out>
</testsuite> <!-- progressive.qa.auto.AutoQuoteTest -->
