<?xml version="1.0" encoding="UTF-8"?>
<!-- Generated by org.testng.reporters.JUnitReportReporter -->
<testsuite skipped="0" hostname="Nas" name="progressive.qa.auto.AutoQuoteTest" tests="1" failures="0" timestamp="05 Feb 2022 04:02:30 GMT" time="35.089" errors="0">
  <testcase name="autoQuoteTesting" time="35.089" classname="progressive.qa.auto.AutoQuoteTest"/>
</testsuite> <!-- progressive.qa.auto.AutoQuoteTest -->
