<?xml version="1.0" encoding="UTF-8"?>
<!-- Generated by org.testng.reporters.JUnitReportReporter -->
<testsuite skipped="1" hostname="Nas" name="progressive.qa.auto.AutoQuoteWithExtentReport" tests="3" failures="0" timestamp="2022-03-27T22:24:02 EDT" time="8.792" errors="0">
  <testcase name="test1" time="4.869" classname="progressive.qa.auto.AutoQuoteWithExtentReport"/>
  <system-out/>
  <testcase name="test2" time="3.923" classname="progressive.qa.auto.AutoQuoteWithExtentReport"/>
  <system-out/>
  <testcase name="autoQuoteTestingWithExcelDataProbider" classname="progressive.qa.auto.AutoQuoteWithExtentReport">
    <skipped/>
  </testcase> <!-- autoQuoteTestingWithExcelDataProbider -->
  <system-out/>
</testsuite> <!-- progressive.qa.auto.AutoQuoteWithExtentReport -->
