<?xml version="1.0" encoding="UTF-8"?>
<!-- Generated by org.testng.reporters.JUnitReportReporter -->
<testsuite skipped="0" hostname="Nas" name="progressive.qa.auto.AutoQuoteWithExtentReport" tests="2" failures="0" timestamp="2022-02-12T00:12:31 EST" time="7.759" errors="0">
  <testcase name="test2" time="3.784" classname="progressive.qa.auto.AutoQuoteWithExtentReport"/>
  <system-out/>
  <testcase name="test1" time="3.975" classname="progressive.qa.auto.AutoQuoteWithExtentReport"/>
  <system-out/>
</testsuite> <!-- progressive.qa.auto.AutoQuoteWithExtentReport -->
