<?xml version="1.0" encoding="UTF-8"?>
<!-- Generated by org.testng.reporters.JUnitReportReporter -->
<testsuite skipped="1" hostname="Nas" name="progressive.qa.auto.AutoQuoteTest" tests="2" failures="0" timestamp="08 Feb 2022 04:13:58 GMT" time="6.704" errors="0">
  <testcase name="testMethodAuto" time="6.704" classname="progressive.qa.auto.AutoQuoteTest"/>
  <testcase name="autoQuoteTesting" classname="progressive.qa.auto.AutoQuoteTest">
    <skipped/>
  </testcase> <!-- autoQuoteTesting -->
</testsuite> <!-- progressive.qa.auto.AutoQuoteTest -->
