<?xml version="1.0" encoding="UTF-8"?>
<!-- Generated by org.testng.reporters.JUnitReportReporter -->
<testsuite skipped="0" hostname="Nas" name="progressive.qa.base.BaseClass" tests="4" failures="0" timestamp="20 Jan 2022 01:31:40 GMT" time="5.743" errors="0">
  <testcase name="test1" time="0.000" classname="progressive.qa.base.BaseClass"/>
  <testcase name="test2" time="0.001" classname="progressive.qa.base.BaseClass"/>
  <testcase name="test" time="5.741" classname="progressive.qa.base.BaseClass"/>
  <testcase name="test3" time="0.001" classname="progressive.qa.base.BaseClass"/>
</testsuite> <!-- progressive.qa.base.BaseClass -->
