<?xml version="1.0" encoding="UTF-8"?>
<!-- Generated by org.testng.reporters.JUnitReportReporter -->
<testsuite skipped="0" hostname="Nas" name="progressive.qa.home.HomeQuoteTest" tests="1" failures="0" timestamp="2022-02-12T00:12:31 EST" time="19.714" errors="0">
  <testcase name="homeQuoteTesting" time="19.714" classname="progressive.qa.home.HomeQuoteTest"/>
  <system-out>
    <![CDATA[Overlay Not Found<br>
src,Arrtibut Present in [[ChromeDriver: chrome on WINDOWS (6ecdd8bd110d42a1f5beba8bf0ec7aa3)] -> xpath: (//a[contains(.,'Home')])[2]/span/img]<br>
[[ChromeDriver: chrome on WINDOWS (6ecdd8bd110d42a1f5beba8bf0ec7aa3)] -> xpath: (//a[contains(.,'Home')])[2]] clicked<br>
Actual value : Enter ZIP Code >>><<< Expected value : Enter ZIP Code<br>
[[ChromeDriver: chrome on WINDOWS (6ecdd8bd110d42a1f5beba8bf0ec7aa3)] -> xpath: //input[@id='zipCode_overlay' and @name='ZipCode']] Text Value entered : 11411<br>
[[ChromeDriver: chrome on WINDOWS (6ecdd8bd110d42a1f5beba8bf0ec7aa3)] -> id: qsButton_overlay] clicked<br>]]>
  </system-out>
</testsuite> <!-- progressive.qa.home.HomeQuoteTest -->
