<?xml version="1.0" encoding="UTF-8"?>
<!-- Generated by org.testng.reporters.JUnitReportReporter -->
<testsuite skipped="0" hostname="Nas" name="progressive.qa.home.HomeQuoteTest" tests="1" failures="1" timestamp="2022-02-14T22:34:07 EST" time="20.055" errors="0">
  <testcase name="homeQuoteTesting" time="20.055" classname="progressive.qa.home.HomeQuoteTest">
    <failure type="java.lang.AssertionError" message="null">
      <![CDATA[java.lang.AssertionError: null
at org.testng.Assert.fail(Assert.java:110)
at org.testng.Assert.fail(Assert.java:115)
at progressive.qa.home.HomeQuoteTest.homeQuoteTesting(HomeQuoteTest.java:13)
at sun.reflect.NativeMethodAccessorImpl.invoke0(Native Method)
at sun.reflect.NativeMethodAccessorImpl.invoke(NativeMethodAccessorImpl.java:62)
at sun.reflect.DelegatingMethodAccessorImpl.invoke(DelegatingMethodAccessorImpl.java:43)
at java.lang.reflect.Method.invoke(Method.java:498)
at org.testng.internal.invokers.MethodInvocationHelper.invokeMethod(MethodInvocationHelper.java:135)
at org.testng.internal.invokers.TestInvoker.invokeMethod(TestInvoker.java:673)
at org.testng.internal.invokers.TestInvoker.invokeTestMethod(TestInvoker.java:220)
at org.testng.internal.invokers.MethodRunner.runInSequence(MethodRunner.java:50)
at org.testng.internal.invokers.TestInvoker$MethodInvocationAgent.invoke(TestInvoker.java:945)
at org.testng.internal.invokers.TestInvoker.invokeTestMethods(TestInvoker.java:193)
at org.testng.internal.invokers.TestMethodWorker.invokeTestMethods(TestMethodWorker.java:146)
at org.testng.internal.invokers.TestMethodWorker.run(TestMethodWorker.java:128)
at java.util.ArrayList.forEach(ArrayList.java:1259)
at org.testng.TestRunner.privateRun(TestRunner.java:808)
at org.testng.TestRunner.run(TestRunner.java:603)
at org.testng.SuiteRunner.runTest(SuiteRunner.java:429)
at org.testng.SuiteRunner.runSequentially(SuiteRunner.java:423)
at org.testng.SuiteRunner.privateRun(SuiteRunner.java:383)
at org.testng.SuiteRunner.run(SuiteRunner.java:326)
at org.testng.SuiteRunnerWorker.runSuite(SuiteRunnerWorker.java:52)
at org.testng.SuiteRunnerWorker.run(SuiteRunnerWorker.java:95)
at org.testng.TestNG.runSuitesSequentially(TestNG.java:1249)
at org.testng.TestNG.runSuitesLocally(TestNG.java:1169)
at org.testng.TestNG.runSuites(TestNG.java:1092)
at org.testng.TestNG.run(TestNG.java:1060)
at org.testng.remote.AbstractRemoteTestNG.run(AbstractRemoteTestNG.java:115)
at org.testng.remote.RemoteTestNG.initAndRun(RemoteTestNG.java:251)
at org.testng.remote.RemoteTestNG.main(RemoteTestNG.java:77)
]]>
    </failure>
  </testcase> <!-- homeQuoteTesting -->
  <system-out>
    <![CDATA[Overlay Not Found<br>
src,Arrtibut Present in [[ChromeDriver: chrome on WINDOWS (bd42e3cc8adaa80c9772a568389c280e)] -> xpath: (//a[contains(.,'Home')])[2]/span/img]<br>
[[ChromeDriver: chrome on WINDOWS (bd42e3cc8adaa80c9772a568389c280e)] -> xpath: (//a[contains(.,'Home')])[2]] clicked<br>
Actual value : Enter ZIP Code >>><<< Expected value : Enter ZIP Code<br>
[[ChromeDriver: chrome on WINDOWS (bd42e3cc8adaa80c9772a568389c280e)] -> xpath: //input[@id='zipCode_overlay' and @name='ZipCode']] Text Value entered : 11411<br>
[[ChromeDriver: chrome on WINDOWS (bd42e3cc8adaa80c9772a568389c280e)] -> id: qsButton_overlay] clicked<br>]]>
  </system-out>
</testsuite> <!-- progressive.qa.home.HomeQuoteTest -->
